<?xml version="1.0" encoding="UTF-8"?>
<!-- Generated by org.testng.reporters.JUnitReportReporter -->
<testsuite hostname="DESKTOP-VNHAE9G" failures="0" tests="3" name="com.test.BasicAuthentication" time="5.147" errors="0" timestamp="12 Jul 2020 09:42:10 GMT" skipped="0">
  <testcase classname="com.test.BasicAuthentication" name="getUser" time="0.549"/>
  <testcase classname="com.test.BasicAuthentication" name="deleteUser" time="0.382"/>
  <testcase classname="com.test.BasicAuthentication" name="addUser" time="4.216"/>
</testsuite> <!-- com.test.BasicAuthentication -->
