<?xml version="1.0" encoding="UTF-8"?>
<!-- Generated by org.testng.reporters.JUnitReportReporter -->
<testsuite hostname="DESKTOP-VNHAE9G" failures="0" tests="1" name="com.test.SampleGETRequest2" time="6.441" errors="0" timestamp="04 Aug 2020 10:49:01 GMT" skipped="0">
  <testcase classname="com.test.SampleGETRequest2" name="testAPI" time="6.441"/>
</testsuite> <!-- com.test.SampleGETRequest2 -->
