<?xml version="1.0" encoding="UTF-8"?>
<!-- Generated by org.testng.reporters.JUnitReportReporter -->
<testsuite hostname="DESKTOP-VNHAE9G" failures="0" tests="3" name="com.Suite1.AutomateUserValidation" time="9.787" errors="0" timestamp="10 Aug 2020 17:21:39 GMT" skipped="0">
  <testcase classname="com.Suite1.AutomateUserValidation" name="getUserList" time="8.644"/>
  <testcase classname="com.Suite1.AutomateUserValidation" name="getUser" time="0.814"/>
  <testcase classname="com.Suite1.AutomateUserValidation" name="getUser" time="0.329"/>
</testsuite> <!-- com.Suite1.AutomateUserValidation -->
