<?xml version="1.0" encoding="UTF-8"?>
<!-- Generated by org.testng.reporters.JUnitReportReporter -->
<testsuite hostname="DESKTOP-VNHAE9G" failures="0" tests="2" name="com.Suite1.AutomateUserCreationAndValidation" time="5.828" errors="0" timestamp="14 Jul 2020 15:07:01 GMT" skipped="0">
  <testcase classname="com.Suite1.AutomateUserCreationAndValidation" name="getUserList" time="5.618"/>
  <testcase classname="com.Suite1.AutomateUserCreationAndValidation" name="getUser" time="0.210"/>
</testsuite> <!-- com.Suite1.AutomateUserCreationAndValidation -->
