<?xml version="1.0" encoding="UTF-8"?>
<!-- Generated by org.testng.reporters.JUnitReportReporter -->
<testsuite hostname="DESKTOP-VNHAE9G" failures="0" tests="1" name="com.test.NewTest" time="0.017" errors="0" timestamp="24 Jun 2020 18:56:50 GMT" skipped="0">
  <testcase classname="com.test.NewTest" name="f" time="0.017"/>
</testsuite> <!-- com.test.NewTest -->
