<?xml version="1.0" encoding="UTF-8"?>
<!-- Generated by org.testng.reporters.JUnitReportReporter -->
<testsuite hostname="DESKTOP-VNHAE9G" failures="0" tests="1" name="com.test.SampleGETRequest3" time="35.813" errors="0" timestamp="06 Aug 2020 16:21:34 GMT" skipped="0">
  <testcase classname="com.test.SampleGETRequest3" name="testAPIwithPathParm" time="35.813"/>
</testsuite> <!-- com.test.SampleGETRequest3 -->
