<?xml version="1.0" encoding="UTF-8"?>
<!-- Generated by org.testng.reporters.JUnitReportReporter -->
<testsuite hostname="DESKTOP-VNHAE9G" failures="0" tests="1" name="com.test.SamplePOSTRequest" time="5.940" errors="0" timestamp="01 Jul 2020 12:38:38 GMT" skipped="0">
  <testcase classname="com.test.SamplePOSTRequest" name="test" time="5.940"/>
</testsuite> <!-- com.test.SamplePOSTRequest -->
