<?xml version="1.0" encoding="UTF-8"?>
<!-- Generated by org.testng.reporters.JUnitReportReporter -->
<testsuite hostname="DESKTOP-VNHAE9G" failures="0" tests="1" name="com.test.SampleGETRequest" time="8.114" errors="0" timestamp="27 Jul 2020 17:00:52 GMT" skipped="0">
  <testcase classname="com.test.SampleGETRequest" name="f" time="8.114"/>
</testsuite> <!-- com.test.SampleGETRequest -->
