<?xml version="1.0" encoding="UTF-8"?>
<!-- Generated by org.testng.reporters.JUnitReportReporter -->
<testsuite hostname="DESKTOP-VNHAE9G" failures="0" tests="1" name="com.test.CreatingRequestBody" time="0.031" errors="0" timestamp="03 Aug 2020 18:11:33 GMT" skipped="0">
  <testcase classname="com.test.CreatingRequestBody" name="postRequest" time="0.031"/>
</testsuite> <!-- com.test.CreatingRequestBody -->
